2021-01-15 09:58:59,236 [Worker-4: Loading available Gradle versions] INFO  o.e.b.c.i.u.g.PublishedGradleVersions - Gradle version information cache is out-of-date. Trying to update.
2021-01-16 02:21:51,000 [Worker-0: Loading available Gradle versions] INFO  o.e.b.c.i.u.g.PublishedGradleVersions - Gradle version information cache is up-to-date. Trying to read.
2021-01-16 11:49:19,815 [Worker-0: Loading available Gradle versions] INFO  o.e.b.c.i.u.g.PublishedGradleVersions - Gradle version information cache is out-of-date. Trying to update.
2021-01-16 11:49:20,063 [Worker-0: Loading available Gradle versions] INFO  o.e.b.c.i.u.g.PublishedGradleVersions - Updating Gradle version information cache failed. Using outdated cache.
2021-01-17 02:43:17,180 [Worker-13: Loading available Gradle versions] INFO  o.e.b.c.i.u.g.PublishedGradleVersions - Gradle version information cache is out-of-date. Trying to update.
2021-01-19 01:22:08,978 [Worker-1: Loading available Gradle versions] INFO  o.e.b.c.i.u.g.PublishedGradleVersions - Gradle version information cache is up-to-date. Trying to read.
2021-01-19 01:32:34,304 [sentry-pool-1-thread-3] WARN  i.s.c.AbstractConnection.lockdown - Initiated a temporary lockdown because of exception: {"detail":"failed to read request body","causes":["failed to read request payload","deflate decompression error"]}
2021-01-19 01:32:34,308 [sentry-pool-1-thread-3] ERROR i.sentry.connection.AsyncConnection - An exception occurred while sending the event to Sentry.
io.sentry.connection.ConnectionException: {"detail":"failed to read request body","causes":["failed to read request payload","deflate decompression error"]}
	at io.sentry.connection.HttpConnection.doSend(HttpConnection.java:216)
	at io.sentry.connection.AbstractConnection.send(AbstractConnection.java:75)
	at io.sentry.connection.AsyncConnection$EventSubmitter.run(AsyncConnection.java:185)
	at java.base/java.util.concurrent.ThreadPoolExecutor.runWorker(ThreadPoolExecutor.java:1130)
	at java.base/java.util.concurrent.ThreadPoolExecutor$Worker.run(ThreadPoolExecutor.java:630)
	at java.base/java.lang.Thread.run(Thread.java:832)
Caused by: java.net.SocketTimeoutException: Connect timed out
	at java.base/sun.nio.ch.NioSocketImpl.timedFinishConnect(NioSocketImpl.java:546)
	at java.base/sun.nio.ch.NioSocketImpl.connect(NioSocketImpl.java:597)
	at java.base/java.net.SocksSocketImpl.connect(SocksSocketImpl.java:333)
	at java.base/java.net.Socket.connect(Socket.java:648)
	at java.base/sun.security.ssl.SSLSocketImpl.connect(SSLSocketImpl.java:290)
	at java.base/sun.net.NetworkClient.doConnect(NetworkClient.java:177)
	at java.base/sun.net.www.http.HttpClient.openServer(HttpClient.java:474)
	at java.base/sun.net.www.http.HttpClient.openServer(HttpClient.java:569)
	at java.base/sun.net.www.protocol.https.HttpsClient.<init>(HttpsClient.java:265)
	at java.base/sun.net.www.protocol.https.HttpsClient.New(HttpsClient.java:372)
	at java.base/sun.net.www.protocol.https.AbstractDelegateHttpsURLConnection.getNewHttpClient(AbstractDelegateHttpsURLConnection.java:189)
	at java.base/sun.net.www.protocol.http.HttpURLConnection.plainConnect0(HttpURLConnection.java:1194)
	at java.base/sun.net.www.protocol.http.HttpURLConnection.plainConnect(HttpURLConnection.java:1082)
	at java.base/sun.net.www.protocol.https.AbstractDelegateHttpsURLConnection.connect(AbstractDelegateHttpsURLConnection.java:175)
	at java.base/sun.net.www.protocol.https.HttpsURLConnectionImpl.connect(HttpsURLConnectionImpl.java:142)
	at io.sentry.connection.HttpConnection.doSend(HttpConnection.java:168)
	... 5 common frames omitted
2021-01-19 02:13:37,545 [sentry-pool-1-thread-4] WARN  i.s.c.AbstractConnection.lockdown - Initiated a temporary lockdown because of exception: An exception occurred while submitting the event to the Sentry server.
2021-01-19 02:13:37,546 [sentry-pool-1-thread-4] ERROR i.sentry.connection.AsyncConnection - An exception occurred while sending the event to Sentry.
io.sentry.connection.ConnectionException: An exception occurred while submitting the event to the Sentry server.
	at io.sentry.connection.HttpConnection.doSend(HttpConnection.java:216)
	at io.sentry.connection.AbstractConnection.send(AbstractConnection.java:75)
	at io.sentry.connection.AsyncConnection$EventSubmitter.run(AsyncConnection.java:185)
	at java.base/java.util.concurrent.ThreadPoolExecutor.runWorker(ThreadPoolExecutor.java:1130)
	at java.base/java.util.concurrent.ThreadPoolExecutor$Worker.run(ThreadPoolExecutor.java:630)
	at java.base/java.lang.Thread.run(Thread.java:832)
Caused by: java.net.SocketTimeoutException: Connect timed out
	at java.base/sun.nio.ch.NioSocketImpl.timedFinishConnect(NioSocketImpl.java:546)
	at java.base/sun.nio.ch.NioSocketImpl.connect(NioSocketImpl.java:597)
	at java.base/java.net.SocksSocketImpl.connect(SocksSocketImpl.java:333)
	at java.base/java.net.Socket.connect(Socket.java:648)
	at java.base/sun.security.ssl.SSLSocketImpl.connect(SSLSocketImpl.java:290)
	at java.base/sun.net.NetworkClient.doConnect(NetworkClient.java:177)
	at java.base/sun.net.www.http.HttpClient.openServer(HttpClient.java:474)
	at java.base/sun.net.www.http.HttpClient.openServer(HttpClient.java:569)
	at java.base/sun.net.www.protocol.https.HttpsClient.<init>(HttpsClient.java:265)
	at java.base/sun.net.www.protocol.https.HttpsClient.New(HttpsClient.java:372)
	at java.base/sun.net.www.protocol.https.AbstractDelegateHttpsURLConnection.getNewHttpClient(AbstractDelegateHttpsURLConnection.java:189)
	at java.base/sun.net.www.protocol.http.HttpURLConnection.plainConnect0(HttpURLConnection.java:1194)
	at java.base/sun.net.www.protocol.http.HttpURLConnection.plainConnect(HttpURLConnection.java:1082)
	at java.base/sun.net.www.protocol.https.AbstractDelegateHttpsURLConnection.connect(AbstractDelegateHttpsURLConnection.java:175)
	at java.base/sun.net.www.protocol.https.HttpsURLConnectionImpl.connect(HttpsURLConnectionImpl.java:142)
	at io.sentry.connection.HttpConnection.doSend(HttpConnection.java:168)
	... 5 common frames omitted
2021-01-19 03:10:06,404 [sentry-pool-1-thread-2] WARN  i.s.c.AbstractConnection.lockdown - Initiated a temporary lockdown because of exception: {"detail":"failed to read request body","causes":["failed to read request payload","deflate decompression error"]}
2021-01-19 03:10:06,405 [sentry-pool-1-thread-2] ERROR i.sentry.connection.AsyncConnection - An exception occurred while sending the event to Sentry.
io.sentry.connection.ConnectionException: {"detail":"failed to read request body","causes":["failed to read request payload","deflate decompression error"]}
	at io.sentry.connection.HttpConnection.doSend(HttpConnection.java:216)
	at io.sentry.connection.AbstractConnection.send(AbstractConnection.java:75)
	at io.sentry.connection.AsyncConnection$EventSubmitter.run(AsyncConnection.java:185)
	at java.base/java.util.concurrent.ThreadPoolExecutor.runWorker(ThreadPoolExecutor.java:1130)
	at java.base/java.util.concurrent.ThreadPoolExecutor$Worker.run(ThreadPoolExecutor.java:630)
	at java.base/java.lang.Thread.run(Thread.java:832)
Caused by: java.net.SocketTimeoutException: Connect timed out
	at java.base/sun.nio.ch.NioSocketImpl.timedFinishConnect(NioSocketImpl.java:546)
	at java.base/sun.nio.ch.NioSocketImpl.connect(NioSocketImpl.java:597)
	at java.base/java.net.SocksSocketImpl.connect(SocksSocketImpl.java:333)
	at java.base/java.net.Socket.connect(Socket.java:648)
	at java.base/sun.security.ssl.SSLSocketImpl.connect(SSLSocketImpl.java:290)
	at java.base/sun.net.NetworkClient.doConnect(NetworkClient.java:177)
	at java.base/sun.net.www.http.HttpClient.openServer(HttpClient.java:474)
	at java.base/sun.net.www.http.HttpClient.openServer(HttpClient.java:569)
	at java.base/sun.net.www.protocol.https.HttpsClient.<init>(HttpsClient.java:265)
	at java.base/sun.net.www.protocol.https.HttpsClient.New(HttpsClient.java:372)
	at java.base/sun.net.www.protocol.https.AbstractDelegateHttpsURLConnection.getNewHttpClient(AbstractDelegateHttpsURLConnection.java:189)
	at java.base/sun.net.www.protocol.http.HttpURLConnection.plainConnect0(HttpURLConnection.java:1194)
	at java.base/sun.net.www.protocol.http.HttpURLConnection.plainConnect(HttpURLConnection.java:1082)
	at java.base/sun.net.www.protocol.https.AbstractDelegateHttpsURLConnection.connect(AbstractDelegateHttpsURLConnection.java:175)
	at java.base/sun.net.www.protocol.https.HttpsURLConnectionImpl.connect(HttpsURLConnectionImpl.java:142)
	at io.sentry.connection.HttpConnection.doSend(HttpConnection.java:168)
	... 5 common frames omitted
2021-01-19 03:24:46,207 [sentry-pool-1-thread-1] WARN  i.s.c.AbstractConnection.lockdown - Initiated a temporary lockdown because of exception: An exception occurred while submitting the event to the Sentry server.
2021-01-19 03:24:46,208 [sentry-pool-1-thread-1] ERROR i.sentry.connection.AsyncConnection - An exception occurred while sending the event to Sentry.
io.sentry.connection.ConnectionException: An exception occurred while submitting the event to the Sentry server.
	at io.sentry.connection.HttpConnection.doSend(HttpConnection.java:216)
	at io.sentry.connection.AbstractConnection.send(AbstractConnection.java:75)
	at io.sentry.connection.AsyncConnection$EventSubmitter.run(AsyncConnection.java:185)
	at java.base/java.util.concurrent.ThreadPoolExecutor.runWorker(ThreadPoolExecutor.java:1130)
	at java.base/java.util.concurrent.ThreadPoolExecutor$Worker.run(ThreadPoolExecutor.java:630)
	at java.base/java.lang.Thread.run(Thread.java:832)
Caused by: java.net.SocketTimeoutException: Connect timed out
	at java.base/sun.nio.ch.NioSocketImpl.timedFinishConnect(NioSocketImpl.java:546)
	at java.base/sun.nio.ch.NioSocketImpl.connect(NioSocketImpl.java:597)
	at java.base/java.net.SocksSocketImpl.connect(SocksSocketImpl.java:333)
	at java.base/java.net.Socket.connect(Socket.java:648)
	at java.base/sun.security.ssl.SSLSocketImpl.connect(SSLSocketImpl.java:290)
	at java.base/sun.net.NetworkClient.doConnect(NetworkClient.java:177)
	at java.base/sun.net.www.http.HttpClient.openServer(HttpClient.java:474)
	at java.base/sun.net.www.http.HttpClient.openServer(HttpClient.java:569)
	at java.base/sun.net.www.protocol.https.HttpsClient.<init>(HttpsClient.java:265)
	at java.base/sun.net.www.protocol.https.HttpsClient.New(HttpsClient.java:372)
	at java.base/sun.net.www.protocol.https.AbstractDelegateHttpsURLConnection.getNewHttpClient(AbstractDelegateHttpsURLConnection.java:189)
	at java.base/sun.net.www.protocol.http.HttpURLConnection.plainConnect0(HttpURLConnection.java:1194)
	at java.base/sun.net.www.protocol.http.HttpURLConnection.plainConnect(HttpURLConnection.java:1082)
	at java.base/sun.net.www.protocol.https.AbstractDelegateHttpsURLConnection.connect(AbstractDelegateHttpsURLConnection.java:175)
	at java.base/sun.net.www.protocol.https.HttpsURLConnectionImpl.connect(HttpsURLConnectionImpl.java:142)
	at io.sentry.connection.HttpConnection.doSend(HttpConnection.java:168)
	... 5 common frames omitted
2021-01-19 03:46:50,465 [sentry-pool-1-thread-2] WARN  i.s.c.AbstractConnection.lockdown - Initiated a temporary lockdown because of exception: {"detail":"failed to read request body","causes":["failed to read request payload","deflate decompression error"]}
2021-01-19 03:46:50,466 [sentry-pool-1-thread-2] ERROR i.sentry.connection.AsyncConnection - An exception occurred while sending the event to Sentry.
io.sentry.connection.ConnectionException: {"detail":"failed to read request body","causes":["failed to read request payload","deflate decompression error"]}
	at io.sentry.connection.HttpConnection.doSend(HttpConnection.java:216)
	at io.sentry.connection.AbstractConnection.send(AbstractConnection.java:75)
	at io.sentry.connection.AsyncConnection$EventSubmitter.run(AsyncConnection.java:185)
	at java.base/java.util.concurrent.ThreadPoolExecutor.runWorker(ThreadPoolExecutor.java:1130)
	at java.base/java.util.concurrent.ThreadPoolExecutor$Worker.run(ThreadPoolExecutor.java:630)
	at java.base/java.lang.Thread.run(Thread.java:832)
Caused by: java.net.SocketTimeoutException: Connect timed out
	at java.base/sun.nio.ch.NioSocketImpl.timedFinishConnect(NioSocketImpl.java:546)
	at java.base/sun.nio.ch.NioSocketImpl.connect(NioSocketImpl.java:597)
	at java.base/java.net.SocksSocketImpl.connect(SocksSocketImpl.java:333)
	at java.base/java.net.Socket.connect(Socket.java:648)
	at java.base/sun.security.ssl.SSLSocketImpl.connect(SSLSocketImpl.java:290)
	at java.base/sun.net.NetworkClient.doConnect(NetworkClient.java:177)
	at java.base/sun.net.www.http.HttpClient.openServer(HttpClient.java:474)
	at java.base/sun.net.www.http.HttpClient.openServer(HttpClient.java:569)
	at java.base/sun.net.www.protocol.https.HttpsClient.<init>(HttpsClient.java:265)
	at java.base/sun.net.www.protocol.https.HttpsClient.New(HttpsClient.java:372)
	at java.base/sun.net.www.protocol.https.AbstractDelegateHttpsURLConnection.getNewHttpClient(AbstractDelegateHttpsURLConnection.java:189)
	at java.base/sun.net.www.protocol.http.HttpURLConnection.plainConnect0(HttpURLConnection.java:1194)
	at java.base/sun.net.www.protocol.http.HttpURLConnection.plainConnect(HttpURLConnection.java:1082)
	at java.base/sun.net.www.protocol.https.AbstractDelegateHttpsURLConnection.connect(AbstractDelegateHttpsURLConnection.java:175)
	at java.base/sun.net.www.protocol.https.HttpsURLConnectionImpl.connect(HttpsURLConnectionImpl.java:142)
	at io.sentry.connection.HttpConnection.doSend(HttpConnection.java:168)
	... 5 common frames omitted
2021-01-19 04:55:20,677 [sentry-pool-1-thread-2] WARN  i.s.c.AbstractConnection.lockdown - Initiated a temporary lockdown because of exception: {"detail":"failed to read request body","causes":["failed to read request payload","deflate decompression error"]}
2021-01-19 04:55:20,678 [sentry-pool-1-thread-2] ERROR i.sentry.connection.AsyncConnection - An exception occurred while sending the event to Sentry.
io.sentry.connection.ConnectionException: {"detail":"failed to read request body","causes":["failed to read request payload","deflate decompression error"]}
	at io.sentry.connection.HttpConnection.doSend(HttpConnection.java:216)
	at io.sentry.connection.AbstractConnection.send(AbstractConnection.java:75)
	at io.sentry.connection.AsyncConnection$EventSubmitter.run(AsyncConnection.java:185)
	at java.base/java.util.concurrent.ThreadPoolExecutor.runWorker(ThreadPoolExecutor.java:1130)
	at java.base/java.util.concurrent.ThreadPoolExecutor$Worker.run(ThreadPoolExecutor.java:630)
	at java.base/java.lang.Thread.run(Thread.java:832)
Caused by: java.net.SocketTimeoutException: Connect timed out
	at java.base/sun.nio.ch.NioSocketImpl.timedFinishConnect(NioSocketImpl.java:546)
	at java.base/sun.nio.ch.NioSocketImpl.connect(NioSocketImpl.java:597)
	at java.base/java.net.SocksSocketImpl.connect(SocksSocketImpl.java:333)
	at java.base/java.net.Socket.connect(Socket.java:648)
	at java.base/sun.security.ssl.SSLSocketImpl.connect(SSLSocketImpl.java:290)
	at java.base/sun.net.NetworkClient.doConnect(NetworkClient.java:177)
	at java.base/sun.net.www.http.HttpClient.openServer(HttpClient.java:474)
	at java.base/sun.net.www.http.HttpClient.openServer(HttpClient.java:569)
	at java.base/sun.net.www.protocol.https.HttpsClient.<init>(HttpsClient.java:265)
	at java.base/sun.net.www.protocol.https.HttpsClient.New(HttpsClient.java:372)
	at java.base/sun.net.www.protocol.https.AbstractDelegateHttpsURLConnection.getNewHttpClient(AbstractDelegateHttpsURLConnection.java:189)
	at java.base/sun.net.www.protocol.http.HttpURLConnection.plainConnect0(HttpURLConnection.java:1194)
	at java.base/sun.net.www.protocol.http.HttpURLConnection.plainConnect(HttpURLConnection.java:1082)
	at java.base/sun.net.www.protocol.https.AbstractDelegateHttpsURLConnection.connect(AbstractDelegateHttpsURLConnection.java:175)
	at java.base/sun.net.www.protocol.https.HttpsURLConnectionImpl.connect(HttpsURLConnectionImpl.java:142)
	at io.sentry.connection.HttpConnection.doSend(HttpConnection.java:168)
	... 5 common frames omitted
2021-01-19 05:54:14,098 [Worker-2: Loading available Gradle versions] INFO  o.e.b.c.i.u.g.PublishedGradleVersions - Gradle version information cache is out-of-date. Trying to update.
2021-01-19 05:57:08,940 [sentry-pool-1-thread-4] WARN  i.s.c.AbstractConnection.lockdown - Initiated a temporary lockdown because of exception: An exception occurred while submitting the event to the Sentry server.
2021-01-19 05:57:08,942 [sentry-pool-1-thread-4] ERROR i.sentry.connection.AsyncConnection - An exception occurred while sending the event to Sentry.
io.sentry.connection.ConnectionException: An exception occurred while submitting the event to the Sentry server.
	at io.sentry.connection.HttpConnection.doSend(HttpConnection.java:216)
	at io.sentry.connection.AbstractConnection.send(AbstractConnection.java:75)
	at io.sentry.connection.AsyncConnection$EventSubmitter.run(AsyncConnection.java:185)
	at java.base/java.util.concurrent.ThreadPoolExecutor.runWorker(ThreadPoolExecutor.java:1130)
	at java.base/java.util.concurrent.ThreadPoolExecutor$Worker.run(ThreadPoolExecutor.java:630)
	at java.base/java.lang.Thread.run(Thread.java:832)
Caused by: java.net.UnknownHostException: sentry.io
	at java.base/sun.nio.ch.NioSocketImpl.connect(NioSocketImpl.java:567)
	at java.base/java.net.SocksSocketImpl.connect(SocksSocketImpl.java:333)
	at java.base/java.net.Socket.connect(Socket.java:648)
	at java.base/sun.security.ssl.SSLSocketImpl.connect(SSLSocketImpl.java:290)
	at java.base/sun.net.NetworkClient.doConnect(NetworkClient.java:177)
	at java.base/sun.net.www.http.HttpClient.openServer(HttpClient.java:474)
	at java.base/sun.net.www.http.HttpClient.openServer(HttpClient.java:569)
	at java.base/sun.net.www.protocol.https.HttpsClient.<init>(HttpsClient.java:265)
	at java.base/sun.net.www.protocol.https.HttpsClient.New(HttpsClient.java:372)
	at java.base/sun.net.www.protocol.https.AbstractDelegateHttpsURLConnection.getNewHttpClient(AbstractDelegateHttpsURLConnection.java:189)
	at java.base/sun.net.www.protocol.http.HttpURLConnection.plainConnect0(HttpURLConnection.java:1194)
	at java.base/sun.net.www.protocol.http.HttpURLConnection.plainConnect(HttpURLConnection.java:1082)
	at java.base/sun.net.www.protocol.https.AbstractDelegateHttpsURLConnection.connect(AbstractDelegateHttpsURLConnection.java:175)
	at java.base/sun.net.www.protocol.https.HttpsURLConnectionImpl.connect(HttpsURLConnectionImpl.java:142)
	at io.sentry.connection.HttpConnection.doSend(HttpConnection.java:168)
	... 5 common frames omitted
2021-01-19 05:57:08,942 [sentry-pool-1-thread-3] ERROR i.sentry.connection.AsyncConnection - An exception occurred while sending the event to Sentry.
io.sentry.connection.ConnectionException: An exception occurred while submitting the event to the Sentry server.
	at io.sentry.connection.HttpConnection.doSend(HttpConnection.java:216)
	at io.sentry.connection.AbstractConnection.send(AbstractConnection.java:75)
	at io.sentry.connection.AsyncConnection$EventSubmitter.run(AsyncConnection.java:185)
	at java.base/java.util.concurrent.ThreadPoolExecutor.runWorker(ThreadPoolExecutor.java:1130)
	at java.base/java.util.concurrent.ThreadPoolExecutor$Worker.run(ThreadPoolExecutor.java:630)
	at java.base/java.lang.Thread.run(Thread.java:832)
Caused by: java.net.UnknownHostException: sentry.io
	at java.base/sun.nio.ch.NioSocketImpl.connect(NioSocketImpl.java:567)
	at java.base/java.net.SocksSocketImpl.connect(SocksSocketImpl.java:333)
	at java.base/java.net.Socket.connect(Socket.java:648)
	at java.base/sun.security.ssl.SSLSocketImpl.connect(SSLSocketImpl.java:290)
	at java.base/sun.net.NetworkClient.doConnect(NetworkClient.java:177)
	at java.base/sun.net.www.http.HttpClient.openServer(HttpClient.java:474)
	at java.base/sun.net.www.http.HttpClient.openServer(HttpClient.java:569)
	at java.base/sun.net.www.protocol.https.HttpsClient.<init>(HttpsClient.java:265)
	at java.base/sun.net.www.protocol.https.HttpsClient.New(HttpsClient.java:372)
	at java.base/sun.net.www.protocol.https.AbstractDelegateHttpsURLConnection.getNewHttpClient(AbstractDelegateHttpsURLConnection.java:189)
	at java.base/sun.net.www.protocol.http.HttpURLConnection.plainConnect0(HttpURLConnection.java:1194)
	at java.base/sun.net.www.protocol.http.HttpURLConnection.plainConnect(HttpURLConnection.java:1082)
	at java.base/sun.net.www.protocol.https.AbstractDelegateHttpsURLConnection.connect(AbstractDelegateHttpsURLConnection.java:175)
	at java.base/sun.net.www.protocol.https.HttpsURLConnectionImpl.connect(HttpsURLConnectionImpl.java:142)
	at io.sentry.connection.HttpConnection.doSend(HttpConnection.java:168)
	... 5 common frames omitted
2021-01-19 11:44:13,872 [Worker-2: Loading available Gradle versions] INFO  o.e.b.c.i.u.g.PublishedGradleVersions - Gradle version information cache is up-to-date. Trying to read.
2021-01-20 11:44:20,899 [Worker-8: Loading available Gradle versions] INFO  o.e.b.c.i.u.g.PublishedGradleVersions - Gradle version information cache is out-of-date. Trying to update.
2021-01-20 11:44:31,979 [Worker-8: Loading available Gradle versions] INFO  o.e.b.c.i.u.g.PublishedGradleVersions - Updating Gradle version information cache failed. Using outdated cache.
2021-01-20 11:51:52,865 [Worker-3: Loading available Gradle versions] INFO  o.e.b.c.i.u.g.PublishedGradleVersions - Gradle version information cache is out-of-date. Trying to update.
2021-01-20 12:32:46,840 [sentry-pool-1-thread-1] WARN  i.s.c.AbstractConnection.lockdown - Initiated a temporary lockdown because of exception: An exception occurred while submitting the event to the Sentry server.
2021-01-20 12:32:46,844 [sentry-pool-1-thread-1] ERROR i.sentry.connection.AsyncConnection - An exception occurred while sending the event to Sentry.
io.sentry.connection.ConnectionException: An exception occurred while submitting the event to the Sentry server.
	at io.sentry.connection.HttpConnection.doSend(HttpConnection.java:216)
	at io.sentry.connection.AbstractConnection.send(AbstractConnection.java:75)
	at io.sentry.connection.AsyncConnection$EventSubmitter.run(AsyncConnection.java:185)
	at java.base/java.util.concurrent.ThreadPoolExecutor.runWorker(ThreadPoolExecutor.java:1130)
	at java.base/java.util.concurrent.ThreadPoolExecutor$Worker.run(ThreadPoolExecutor.java:630)
	at java.base/java.lang.Thread.run(Thread.java:832)
Caused by: java.net.UnknownHostException: sentry.io
	at java.base/sun.nio.ch.NioSocketImpl.connect(NioSocketImpl.java:567)
	at java.base/java.net.SocksSocketImpl.connect(SocksSocketImpl.java:333)
	at java.base/java.net.Socket.connect(Socket.java:648)
	at java.base/sun.security.ssl.SSLSocketImpl.connect(SSLSocketImpl.java:290)
	at java.base/sun.net.NetworkClient.doConnect(NetworkClient.java:177)
	at java.base/sun.net.www.http.HttpClient.openServer(HttpClient.java:474)
	at java.base/sun.net.www.http.HttpClient.openServer(HttpClient.java:569)
	at java.base/sun.net.www.protocol.https.HttpsClient.<init>(HttpsClient.java:265)
	at java.base/sun.net.www.protocol.https.HttpsClient.New(HttpsClient.java:372)
	at java.base/sun.net.www.protocol.https.AbstractDelegateHttpsURLConnection.getNewHttpClient(AbstractDelegateHttpsURLConnection.java:189)
	at java.base/sun.net.www.protocol.http.HttpURLConnection.plainConnect0(HttpURLConnection.java:1194)
	at java.base/sun.net.www.protocol.http.HttpURLConnection.plainConnect(HttpURLConnection.java:1082)
	at java.base/sun.net.www.protocol.https.AbstractDelegateHttpsURLConnection.connect(AbstractDelegateHttpsURLConnection.java:175)
	at java.base/sun.net.www.protocol.https.HttpsURLConnectionImpl.connect(HttpsURLConnectionImpl.java:142)
	at io.sentry.connection.HttpConnection.doSend(HttpConnection.java:168)
	... 5 common frames omitted
2021-01-20 12:36:20,430 [sentry-pool-1-thread-2] WARN  i.s.c.AbstractConnection.lockdown - Initiated a temporary lockdown because of exception: An exception occurred while submitting the event to the Sentry server.
2021-01-20 12:36:20,431 [sentry-pool-1-thread-2] ERROR i.sentry.connection.AsyncConnection - An exception occurred while sending the event to Sentry.
io.sentry.connection.ConnectionException: An exception occurred while submitting the event to the Sentry server.
	at io.sentry.connection.HttpConnection.doSend(HttpConnection.java:216)
	at io.sentry.connection.AbstractConnection.send(AbstractConnection.java:75)
	at io.sentry.connection.AsyncConnection$EventSubmitter.run(AsyncConnection.java:185)
	at java.base/java.util.concurrent.ThreadPoolExecutor.runWorker(ThreadPoolExecutor.java:1130)
	at java.base/java.util.concurrent.ThreadPoolExecutor$Worker.run(ThreadPoolExecutor.java:630)
	at java.base/java.lang.Thread.run(Thread.java:832)
Caused by: java.net.UnknownHostException: sentry.io
	at java.base/sun.nio.ch.NioSocketImpl.connect(NioSocketImpl.java:567)
	at java.base/java.net.SocksSocketImpl.connect(SocksSocketImpl.java:333)
	at java.base/java.net.Socket.connect(Socket.java:648)
	at java.base/sun.security.ssl.SSLSocketImpl.connect(SSLSocketImpl.java:290)
	at java.base/sun.net.NetworkClient.doConnect(NetworkClient.java:177)
	at java.base/sun.net.www.http.HttpClient.openServer(HttpClient.java:474)
	at java.base/sun.net.www.http.HttpClient.openServer(HttpClient.java:569)
	at java.base/sun.net.www.protocol.https.HttpsClient.<init>(HttpsClient.java:265)
	at java.base/sun.net.www.protocol.https.HttpsClient.New(HttpsClient.java:372)
	at java.base/sun.net.www.protocol.https.AbstractDelegateHttpsURLConnection.getNewHttpClient(AbstractDelegateHttpsURLConnection.java:189)
	at java.base/sun.net.www.protocol.http.HttpURLConnection.plainConnect0(HttpURLConnection.java:1194)
	at java.base/sun.net.www.protocol.http.HttpURLConnection.plainConnect(HttpURLConnection.java:1082)
	at java.base/sun.net.www.protocol.https.AbstractDelegateHttpsURLConnection.connect(AbstractDelegateHttpsURLConnection.java:175)
	at java.base/sun.net.www.protocol.https.HttpsURLConnectionImpl.connect(HttpsURLConnectionImpl.java:142)
	at io.sentry.connection.HttpConnection.doSend(HttpConnection.java:168)
	... 5 common frames omitted
2021-01-20 12:42:53,046 [sentry-pool-1-thread-3] WARN  i.s.c.AbstractConnection.lockdown - Initiated a temporary lockdown because of exception: {"detail":"failed to read request body","causes":["failed to read request payload","deflate decompression error"]}
2021-01-20 12:42:53,047 [sentry-pool-1-thread-3] ERROR i.sentry.connection.AsyncConnection - An exception occurred while sending the event to Sentry.
io.sentry.connection.ConnectionException: {"detail":"failed to read request body","causes":["failed to read request payload","deflate decompression error"]}
	at io.sentry.connection.HttpConnection.doSend(HttpConnection.java:216)
	at io.sentry.connection.AbstractConnection.send(AbstractConnection.java:75)
	at io.sentry.connection.AsyncConnection$EventSubmitter.run(AsyncConnection.java:185)
	at java.base/java.util.concurrent.ThreadPoolExecutor.runWorker(ThreadPoolExecutor.java:1130)
	at java.base/java.util.concurrent.ThreadPoolExecutor$Worker.run(ThreadPoolExecutor.java:630)
	at java.base/java.lang.Thread.run(Thread.java:832)
Caused by: java.net.SocketTimeoutException: Connect timed out
	at java.base/sun.nio.ch.NioSocketImpl.timedFinishConnect(NioSocketImpl.java:546)
	at java.base/sun.nio.ch.NioSocketImpl.connect(NioSocketImpl.java:597)
	at java.base/java.net.SocksSocketImpl.connect(SocksSocketImpl.java:333)
	at java.base/java.net.Socket.connect(Socket.java:648)
	at java.base/sun.security.ssl.SSLSocketImpl.connect(SSLSocketImpl.java:290)
	at java.base/sun.net.NetworkClient.doConnect(NetworkClient.java:177)
	at java.base/sun.net.www.http.HttpClient.openServer(HttpClient.java:474)
	at java.base/sun.net.www.http.HttpClient.openServer(HttpClient.java:569)
	at java.base/sun.net.www.protocol.https.HttpsClient.<init>(HttpsClient.java:265)
	at java.base/sun.net.www.protocol.https.HttpsClient.New(HttpsClient.java:372)
	at java.base/sun.net.www.protocol.https.AbstractDelegateHttpsURLConnection.getNewHttpClient(AbstractDelegateHttpsURLConnection.java:189)
	at java.base/sun.net.www.protocol.http.HttpURLConnection.plainConnect0(HttpURLConnection.java:1194)
	at java.base/sun.net.www.protocol.http.HttpURLConnection.plainConnect(HttpURLConnection.java:1082)
	at java.base/sun.net.www.protocol.https.AbstractDelegateHttpsURLConnection.connect(AbstractDelegateHttpsURLConnection.java:175)
	at java.base/sun.net.www.protocol.https.HttpsURLConnectionImpl.connect(HttpsURLConnectionImpl.java:142)
	at io.sentry.connection.HttpConnection.doSend(HttpConnection.java:168)
	... 5 common frames omitted
2021-01-20 13:05:39,125 [sentry-pool-1-thread-4] WARN  i.s.c.AbstractConnection.lockdown - Initiated a temporary lockdown because of exception: {"detail":"failed to read request body","causes":["failed to read request payload","deflate decompression error"]}
2021-01-20 13:05:39,125 [sentry-pool-1-thread-4] ERROR i.sentry.connection.AsyncConnection - An exception occurred while sending the event to Sentry.
io.sentry.connection.ConnectionException: {"detail":"failed to read request body","causes":["failed to read request payload","deflate decompression error"]}
	at io.sentry.connection.HttpConnection.doSend(HttpConnection.java:216)
	at io.sentry.connection.AbstractConnection.send(AbstractConnection.java:75)
	at io.sentry.connection.AsyncConnection$EventSubmitter.run(AsyncConnection.java:185)
	at java.base/java.util.concurrent.ThreadPoolExecutor.runWorker(ThreadPoolExecutor.java:1130)
	at java.base/java.util.concurrent.ThreadPoolExecutor$Worker.run(ThreadPoolExecutor.java:630)
	at java.base/java.lang.Thread.run(Thread.java:832)
Caused by: java.net.SocketTimeoutException: Connect timed out
	at java.base/sun.nio.ch.NioSocketImpl.timedFinishConnect(NioSocketImpl.java:546)
	at java.base/sun.nio.ch.NioSocketImpl.connect(NioSocketImpl.java:597)
	at java.base/java.net.SocksSocketImpl.connect(SocksSocketImpl.java:333)
	at java.base/java.net.Socket.connect(Socket.java:648)
	at java.base/sun.security.ssl.SSLSocketImpl.connect(SSLSocketImpl.java:290)
	at java.base/sun.net.NetworkClient.doConnect(NetworkClient.java:177)
	at java.base/sun.net.www.http.HttpClient.openServer(HttpClient.java:474)
	at java.base/sun.net.www.http.HttpClient.openServer(HttpClient.java:569)
	at java.base/sun.net.www.protocol.https.HttpsClient.<init>(HttpsClient.java:265)
	at java.base/sun.net.www.protocol.https.HttpsClient.New(HttpsClient.java:372)
	at java.base/sun.net.www.protocol.https.AbstractDelegateHttpsURLConnection.getNewHttpClient(AbstractDelegateHttpsURLConnection.java:189)
	at java.base/sun.net.www.protocol.http.HttpURLConnection.plainConnect0(HttpURLConnection.java:1194)
	at java.base/sun.net.www.protocol.http.HttpURLConnection.plainConnect(HttpURLConnection.java:1082)
	at java.base/sun.net.www.protocol.https.AbstractDelegateHttpsURLConnection.connect(AbstractDelegateHttpsURLConnection.java:175)
	at java.base/sun.net.www.protocol.https.HttpsURLConnectionImpl.connect(HttpsURLConnectionImpl.java:142)
	at io.sentry.connection.HttpConnection.doSend(HttpConnection.java:168)
	... 5 common frames omitted
2021-01-20 14:33:14,122 [sentry-pool-1-thread-4] WARN  i.s.c.AbstractConnection.lockdown - Initiated a temporary lockdown because of exception: An exception occurred while submitting the event to the Sentry server.
2021-01-20 14:33:14,156 [sentry-pool-1-thread-4] ERROR i.sentry.connection.AsyncConnection - An exception occurred while sending the event to Sentry.
io.sentry.connection.ConnectionException: An exception occurred while submitting the event to the Sentry server.
	at io.sentry.connection.HttpConnection.doSend(HttpConnection.java:216)
	at io.sentry.connection.AbstractConnection.send(AbstractConnection.java:75)
	at io.sentry.connection.AsyncConnection$EventSubmitter.run(AsyncConnection.java:185)
	at java.base/java.util.concurrent.ThreadPoolExecutor.runWorker(ThreadPoolExecutor.java:1130)
	at java.base/java.util.concurrent.ThreadPoolExecutor$Worker.run(ThreadPoolExecutor.java:630)
	at java.base/java.lang.Thread.run(Thread.java:832)
Caused by: java.net.UnknownHostException: sentry.io
	at java.base/sun.nio.ch.NioSocketImpl.connect(NioSocketImpl.java:567)
	at java.base/java.net.SocksSocketImpl.connect(SocksSocketImpl.java:333)
	at java.base/java.net.Socket.connect(Socket.java:648)
	at java.base/sun.security.ssl.SSLSocketImpl.connect(SSLSocketImpl.java:290)
	at java.base/sun.net.NetworkClient.doConnect(NetworkClient.java:177)
	at java.base/sun.net.www.http.HttpClient.openServer(HttpClient.java:474)
	at java.base/sun.net.www.http.HttpClient.openServer(HttpClient.java:569)
	at java.base/sun.net.www.protocol.https.HttpsClient.<init>(HttpsClient.java:265)
	at java.base/sun.net.www.protocol.https.HttpsClient.New(HttpsClient.java:372)
	at java.base/sun.net.www.protocol.https.AbstractDelegateHttpsURLConnection.getNewHttpClient(AbstractDelegateHttpsURLConnection.java:189)
	at java.base/sun.net.www.protocol.http.HttpURLConnection.plainConnect0(HttpURLConnection.java:1194)
	at java.base/sun.net.www.protocol.http.HttpURLConnection.plainConnect(HttpURLConnection.java:1082)
	at java.base/sun.net.www.protocol.https.AbstractDelegateHttpsURLConnection.connect(AbstractDelegateHttpsURLConnection.java:175)
	at java.base/sun.net.www.protocol.https.HttpsURLConnectionImpl.connect(HttpsURLConnectionImpl.java:142)
	at io.sentry.connection.HttpConnection.doSend(HttpConnection.java:168)
	... 5 common frames omitted
2021-01-20 14:33:14,154 [sentry-pool-1-thread-2] ERROR i.sentry.connection.AsyncConnection - An exception occurred while sending the event to Sentry.
io.sentry.connection.ConnectionException: An exception occurred while submitting the event to the Sentry server.
	at io.sentry.connection.HttpConnection.doSend(HttpConnection.java:216)
	at io.sentry.connection.AbstractConnection.send(AbstractConnection.java:75)
	at io.sentry.connection.AsyncConnection$EventSubmitter.run(AsyncConnection.java:185)
	at java.base/java.util.concurrent.ThreadPoolExecutor.runWorker(ThreadPoolExecutor.java:1130)
	at java.base/java.util.concurrent.ThreadPoolExecutor$Worker.run(ThreadPoolExecutor.java:630)
	at java.base/java.lang.Thread.run(Thread.java:832)
Caused by: java.net.UnknownHostException: sentry.io
	at java.base/sun.nio.ch.NioSocketImpl.connect(NioSocketImpl.java:567)
	at java.base/java.net.SocksSocketImpl.connect(SocksSocketImpl.java:333)
	at java.base/java.net.Socket.connect(Socket.java:648)
	at java.base/sun.security.ssl.SSLSocketImpl.connect(SSLSocketImpl.java:290)
	at java.base/sun.net.NetworkClient.doConnect(NetworkClient.java:177)
	at java.base/sun.net.www.http.HttpClient.openServer(HttpClient.java:474)
	at java.base/sun.net.www.http.HttpClient.openServer(HttpClient.java:569)
	at java.base/sun.net.www.protocol.https.HttpsClient.<init>(HttpsClient.java:265)
	at java.base/sun.net.www.protocol.https.HttpsClient.New(HttpsClient.java:372)
	at java.base/sun.net.www.protocol.https.AbstractDelegateHttpsURLConnection.getNewHttpClient(AbstractDelegateHttpsURLConnection.java:189)
	at java.base/sun.net.www.protocol.http.HttpURLConnection.plainConnect0(HttpURLConnection.java:1194)
	at java.base/sun.net.www.protocol.http.HttpURLConnection.plainConnect(HttpURLConnection.java:1082)
	at java.base/sun.net.www.protocol.https.AbstractDelegateHttpsURLConnection.connect(AbstractDelegateHttpsURLConnection.java:175)
	at java.base/sun.net.www.protocol.https.HttpsURLConnectionImpl.connect(HttpsURLConnectionImpl.java:142)
	at io.sentry.connection.HttpConnection.doSend(HttpConnection.java:168)
	... 5 common frames omitted
2021-01-20 14:33:14,162 [sentry-pool-1-thread-1] ERROR i.sentry.connection.AsyncConnection - An exception occurred while sending the event to Sentry.
io.sentry.connection.ConnectionException: An exception occurred while submitting the event to the Sentry server.
	at io.sentry.connection.HttpConnection.doSend(HttpConnection.java:216)
	at io.sentry.connection.AbstractConnection.send(AbstractConnection.java:75)
	at io.sentry.connection.AsyncConnection$EventSubmitter.run(AsyncConnection.java:185)
	at java.base/java.util.concurrent.ThreadPoolExecutor.runWorker(ThreadPoolExecutor.java:1130)
	at java.base/java.util.concurrent.ThreadPoolExecutor$Worker.run(ThreadPoolExecutor.java:630)
	at java.base/java.lang.Thread.run(Thread.java:832)
Caused by: java.net.UnknownHostException: sentry.io
	at java.base/sun.nio.ch.NioSocketImpl.connect(NioSocketImpl.java:567)
	at java.base/java.net.SocksSocketImpl.connect(SocksSocketImpl.java:333)
	at java.base/java.net.Socket.connect(Socket.java:648)
	at java.base/sun.security.ssl.SSLSocketImpl.connect(SSLSocketImpl.java:290)
	at java.base/sun.net.NetworkClient.doConnect(NetworkClient.java:177)
	at java.base/sun.net.www.http.HttpClient.openServer(HttpClient.java:474)
	at java.base/sun.net.www.http.HttpClient.openServer(HttpClient.java:569)
	at java.base/sun.net.www.protocol.https.HttpsClient.<init>(HttpsClient.java:265)
	at java.base/sun.net.www.protocol.https.HttpsClient.New(HttpsClient.java:372)
	at java.base/sun.net.www.protocol.https.AbstractDelegateHttpsURLConnection.getNewHttpClient(AbstractDelegateHttpsURLConnection.java:189)
	at java.base/sun.net.www.protocol.http.HttpURLConnection.plainConnect0(HttpURLConnection.java:1194)
	at java.base/sun.net.www.protocol.http.HttpURLConnection.plainConnect(HttpURLConnection.java:1082)
	at java.base/sun.net.www.protocol.https.AbstractDelegateHttpsURLConnection.connect(AbstractDelegateHttpsURLConnection.java:175)
	at java.base/sun.net.www.protocol.https.HttpsURLConnectionImpl.connect(HttpsURLConnectionImpl.java:142)
	at io.sentry.connection.HttpConnection.doSend(HttpConnection.java:168)
	... 5 common frames omitted
2021-01-20 14:33:14,270 [sentry-pool-1-thread-3] ERROR i.sentry.connection.AsyncConnection - An exception occurred while sending the event to Sentry.
io.sentry.connection.ConnectionException: An exception occurred while submitting the event to the Sentry server.
	at io.sentry.connection.HttpConnection.doSend(HttpConnection.java:216)
	at io.sentry.connection.AbstractConnection.send(AbstractConnection.java:75)
	at io.sentry.connection.AsyncConnection$EventSubmitter.run(AsyncConnection.java:185)
	at java.base/java.util.concurrent.ThreadPoolExecutor.runWorker(ThreadPoolExecutor.java:1130)
	at java.base/java.util.concurrent.ThreadPoolExecutor$Worker.run(ThreadPoolExecutor.java:630)
	at java.base/java.lang.Thread.run(Thread.java:832)
Caused by: java.net.UnknownHostException: sentry.io
	at java.base/sun.nio.ch.NioSocketImpl.connect(NioSocketImpl.java:567)
	at java.base/java.net.SocksSocketImpl.connect(SocksSocketImpl.java:333)
	at java.base/java.net.Socket.connect(Socket.java:648)
	at java.base/sun.security.ssl.SSLSocketImpl.connect(SSLSocketImpl.java:290)
	at java.base/sun.net.NetworkClient.doConnect(NetworkClient.java:177)
	at java.base/sun.net.www.http.HttpClient.openServer(HttpClient.java:474)
	at java.base/sun.net.www.http.HttpClient.openServer(HttpClient.java:569)
	at java.base/sun.net.www.protocol.https.HttpsClient.<init>(HttpsClient.java:265)
	at java.base/sun.net.www.protocol.https.HttpsClient.New(HttpsClient.java:372)
	at java.base/sun.net.www.protocol.https.AbstractDelegateHttpsURLConnection.getNewHttpClient(AbstractDelegateHttpsURLConnection.java:189)
	at java.base/sun.net.www.protocol.http.HttpURLConnection.plainConnect0(HttpURLConnection.java:1194)
	at java.base/sun.net.www.protocol.http.HttpURLConnection.plainConnect(HttpURLConnection.java:1082)
	at java.base/sun.net.www.protocol.https.AbstractDelegateHttpsURLConnection.connect(AbstractDelegateHttpsURLConnection.java:175)
	at java.base/sun.net.www.protocol.https.HttpsURLConnectionImpl.connect(HttpsURLConnectionImpl.java:142)
	at io.sentry.connection.HttpConnection.doSend(HttpConnection.java:168)
	... 5 common frames omitted
2021-01-20 14:35:50,738 [Worker-8: Loading available Gradle versions] INFO  o.e.b.c.i.u.g.PublishedGradleVersions - Gradle version information cache is up-to-date. Trying to read.
2021-01-20 20:22:32,363 [Worker-4: Loading available Gradle versions] INFO  o.e.b.c.i.u.g.PublishedGradleVersions - Gradle version information cache is up-to-date. Trying to read.
2021-02-13 15:39:42,689 [Worker-1: Loading available Gradle versions] INFO  o.e.b.c.i.u.g.PublishedGradleVersions - Gradle version information cache is up-to-date. Trying to read.
2021-02-13 15:39:59,048 [Worker-0: Loading available Gradle versions] INFO  o.e.b.c.i.u.g.PublishedGradleVersions - Gradle version information cache is up-to-date. Trying to read.
2021-02-13 15:42:10,664 [Worker-0: Loading available Gradle versions] INFO  o.e.b.c.i.u.g.PublishedGradleVersions - Gradle version information cache is up-to-date. Trying to read.
2021-02-15 21:59:25,572 [Worker-0: Loading available Gradle versions] INFO  o.e.b.c.i.u.g.PublishedGradleVersions - Gradle version information cache is up-to-date. Trying to read.
2021-02-20 01:33:52,883 [Worker-0: Loading available Gradle versions] INFO  o.e.b.c.i.u.g.PublishedGradleVersions - Gradle version information cache is out-of-date. Trying to update.
2021-02-20 02:31:29,335 [Worker-4: Loading available Gradle versions] INFO  o.e.b.c.i.u.g.PublishedGradleVersions - Gradle version information cache is up-to-date. Trying to read.
2021-02-20 02:57:46,731 [sentry-pool-1-thread-1] WARN  i.s.c.AbstractConnection.lockdown - Initiated a temporary lockdown because of exception: Too many requests to Sentry: https://docs.sentry.io/learn/quotas/
2021-02-20 15:46:24,660 [Worker-14: Loading available Gradle versions] INFO  o.e.b.c.i.u.g.PublishedGradleVersions - Gradle version information cache is up-to-date. Trying to read.
2021-02-20 15:47:06,097 [sentry-pool-1-thread-1] WARN  i.s.c.AbstractConnection.lockdown - Initiated a temporary lockdown because of exception: Too many requests to Sentry: https://docs.sentry.io/learn/quotas/
2021-02-23 01:04:10,464 [Worker-4: Loading available Gradle versions] INFO  o.e.b.c.i.u.g.PublishedGradleVersions - Gradle version information cache is out-of-date. Trying to update.
